2019-03-03 00:52:25.272  WARN 22213 --- [HikariPool-1 housekeeper] com.zaxxer.hikari.pool.HikariPool        : HikariPool-1 - Thread starvation or clock leap detected (housekeeper delta=1h16m54s).
2019-03-03 01:26:38.539  WARN 22213 --- [HikariPool-1 housekeeper] com.zaxxer.hikari.pool.HikariPool        : HikariPool-1 - Thread starvation or clock leap detected (housekeeper delta=33m41s899ms).
2019-03-03 01:43:26.177  WARN 22213 --- [HikariPool-1 housekeeper] com.zaxxer.hikari.pool.HikariPool        : HikariPool-1 - Thread starvation or clock leap detected (housekeeper delta=16m17s425ms).
2019-03-03 02:13:31.170  WARN 22213 --- [HikariPool-1 housekeeper] com.zaxxer.hikari.pool.HikariPool        : HikariPool-1 - Thread starvation or clock leap detected (housekeeper delta=29m34s532ms).
2019-03-03 02:34:29.298  WARN 22213 --- [HikariPool-1 housekeeper] com.zaxxer.hikari.pool.HikariPool        : HikariPool-1 - Thread starvation or clock leap detected (housekeeper delta=20m27s674ms).
2019-03-03 02:52:50.262  WARN 22213 --- [HikariPool-1 housekeeper] com.zaxxer.hikari.pool.HikariPool        : HikariPool-1 - Thread starvation or clock leap detected (housekeeper delta=17m50s849ms).
2019-03-03 03:28:33.475  WARN 22213 --- [HikariPool-1 housekeeper] com.zaxxer.hikari.pool.HikariPool        : HikariPool-1 - Thread starvation or clock leap detected (housekeeper delta=35m12s910ms).
2019-03-03 04:00:23.225  WARN 22213 --- [HikariPool-1 housekeeper] com.zaxxer.hikari.pool.HikariPool        : HikariPool-1 - Thread starvation or clock leap detected (housekeeper delta=31m19s479ms).
2019-03-03 04:19:20.240  WARN 22213 --- [HikariPool-1 housekeeper] com.zaxxer.hikari.pool.HikariPool        : HikariPool-1 - Thread starvation or clock leap detected (housekeeper delta=18m26s957ms).
2019-03-03 04:44:17.166  WARN 22213 --- [HikariPool-1 housekeeper] com.zaxxer.hikari.pool.HikariPool        : HikariPool-1 - Thread starvation or clock leap detected (housekeeper delta=24m26s881ms).
2019-03-03 05:04:02.189  WARN 22213 --- [HikariPool-1 housekeeper] com.zaxxer.hikari.pool.HikariPool        : HikariPool-1 - Thread starvation or clock leap detected (housekeeper delta=19m14s567ms).
2019-03-03 05:34:18.251  WARN 22213 --- [HikariPool-1 housekeeper] com.zaxxer.hikari.pool.HikariPool        : HikariPool-1 - Thread starvation or clock leap detected (housekeeper delta=29m45s908ms).
2019-03-03 06:13:54.433  WARN 22213 --- [HikariPool-1 housekeeper] com.zaxxer.hikari.pool.HikariPool        : HikariPool-1 - Thread starvation or clock leap detected (housekeeper delta=39m6s169ms).
2019-03-03 06:28:05.589  WARN 22213 --- [HikariPool-1 housekeeper] com.zaxxer.hikari.pool.HikariPool        : HikariPool-1 - Thread starvation or clock leap detected (housekeeper delta=13m41s142ms).
2019-03-03 06:55:19.246  WARN 22213 --- [HikariPool-1 housekeeper] com.zaxxer.hikari.pool.HikariPool        : HikariPool-1 - Thread starvation or clock leap detected (housekeeper delta=27m13s654ms).
2019-03-03 11:26:17.282  WARN 22213 --- [HikariPool-1 housekeeper] com.zaxxer.hikari.pool.HikariPool        : HikariPool-1 - Thread starvation or clock leap detected (housekeeper delta=4h30m58s37ms).
2019-03-03 11:42:40.665  INFO 22213 --- [Thread-12] o.s.s.concurrent.ThreadPoolTaskExecutor  : Shutting down ExecutorService 'applicationTaskExecutor'
2019-03-03 11:42:40.673  INFO 22213 --- [Thread-12] j.LocalContainerEntityManagerFactoryBean : Closing JPA EntityManagerFactory for persistence unit 'default'
2019-03-03 11:42:40.700  INFO 22213 --- [Thread-12] com.zaxxer.hikari.HikariDataSource       : HikariPool-1 - Shutdown initiated...
2019-03-03 11:42:40.728  INFO 22213 --- [Thread-12] com.zaxxer.hikari.HikariDataSource       : HikariPool-1 - Shutdown completed.
2019-03-03 11:42:47.345  INFO 23399 --- [main] c.y.s.SpringBootAdvancedApplication      : Starting SpringBootAdvancedApplication on hakutekiMacBook-Pro.local with PID 23399 (/Users/zhangyubo/Desktop/spring-mvc-examples/spring-boot-advanced/target/classes started by zhangyubo in /Users/zhangyubo/Desktop/spring-mvc-examples/spring-boot-advanced)
2019-03-03 11:42:47.362  INFO 23399 --- [main] c.y.s.SpringBootAdvancedApplication      : No active profile set, falling back to default profiles: default
2019-03-03 11:42:48.416  INFO 23399 --- [main] .s.d.r.c.RepositoryConfigurationDelegate : Bootstrapping Spring Data repositories in DEFAULT mode.
2019-03-03 11:42:48.516  INFO 23399 --- [main] .s.d.r.c.RepositoryConfigurationDelegate : Finished Spring Data repository scanning in 90ms. Found 2 repository interfaces.
2019-03-03 11:42:48.897  INFO 23399 --- [main] trationDelegate$BeanPostProcessorChecker : Bean 'org.springframework.transaction.annotation.ProxyTransactionManagementConfiguration' of type [org.springframework.transaction.annotation.ProxyTransactionManagementConfiguration$$EnhancerBySpringCGLIB$$bfe48d6a] is not eligible for getting processed by all BeanPostProcessors (for example: not eligible for auto-proxying)
2019-03-03 11:42:49.268  INFO 23399 --- [main] o.s.b.w.embedded.tomcat.TomcatWebServer  : Tomcat initialized with port(s): 8080 (http)
2019-03-03 11:42:49.291  INFO 23399 --- [main] o.apache.catalina.core.StandardService   : Starting service [Tomcat]
2019-03-03 11:42:49.291  INFO 23399 --- [main] org.apache.catalina.core.StandardEngine  : Starting Servlet engine: [Apache Tomcat/9.0.16]
2019-03-03 11:42:49.297  INFO 23399 --- [main] o.a.catalina.core.AprLifecycleListener   : The APR based Apache Tomcat Native library which allows optimal performance in production environments was not found on the java.library.path: [/Users/zhangyubo/Library/Java/Extensions:/Library/Java/Extensions:/Network/Library/Java/Extensions:/System/Library/Java/Extensions:/usr/lib/java:.]
2019-03-03 11:42:49.375  INFO 23399 --- [main] o.a.c.c.C.[Tomcat].[localhost].[/]       : Initializing Spring embedded WebApplicationContext
2019-03-03 11:42:49.376  INFO 23399 --- [main] o.s.web.context.ContextLoader            : Root WebApplicationContext: initialization completed in 1894 ms
2019-03-03 11:42:49.538  INFO 23399 --- [main] com.zaxxer.hikari.HikariDataSource       : HikariPool-1 - Starting...
2019-03-03 11:42:49.654  INFO 23399 --- [main] com.zaxxer.hikari.HikariDataSource       : HikariPool-1 - Start completed.
2019-03-03 11:42:49.835  INFO 23399 --- [main] o.hibernate.jpa.internal.util.LogHelper  : HHH000204: Processing PersistenceUnitInfo [
	name: default
	...]
2019-03-03 11:42:49.926  INFO 23399 --- [main] org.hibernate.Version                    : HHH000412: Hibernate Core {5.3.7.Final}
2019-03-03 11:42:49.927  INFO 23399 --- [main] org.hibernate.cfg.Environment            : HHH000206: hibernate.properties not found
2019-03-03 11:42:50.107  INFO 23399 --- [main] o.hibernate.annotations.common.Version   : HCANN000001: Hibernate Commons Annotations {5.0.4.Final}
2019-03-03 11:42:50.255  INFO 23399 --- [main] org.hibernate.dialect.Dialect            : HHH000400: Using dialect: org.hibernate.dialect.MySQL5Dialect
2019-03-03 11:42:50.912  INFO 23399 --- [main] j.LocalContainerEntityManagerFactoryBean : Initialized JPA EntityManagerFactory for persistence unit 'default'
2019-03-03 11:42:51.450  INFO 23399 --- [main] o.s.s.concurrent.ThreadPoolTaskExecutor  : Initializing ExecutorService 'applicationTaskExecutor'
2019-03-03 11:42:51.521  WARN 23399 --- [main] aWebConfiguration$JpaWebMvcConfiguration : spring.jpa.open-in-view is enabled by default. Therefore, database queries may be performed during view rendering. Explicitly configure spring.jpa.open-in-view to disable this warning
2019-03-03 11:42:51.751  INFO 23399 --- [main] o.s.b.w.embedded.tomcat.TomcatWebServer  : Tomcat started on port(s): 8080 (http) with context path ''
2019-03-03 11:42:51.754  INFO 23399 --- [main] c.y.s.SpringBootAdvancedApplication      : Started SpringBootAdvancedApplication in 5.046 seconds (JVM running for 6.015)
2019-03-03 11:42:54.590  INFO 23399 --- [http-nio-8080-exec-1] o.a.c.c.C.[Tomcat].[localhost].[/]       : Initializing Spring DispatcherServlet 'dispatcherServlet'
2019-03-03 11:42:54.590  INFO 23399 --- [http-nio-8080-exec-1] o.s.web.servlet.DispatcherServlet        : Initializing Servlet 'dispatcherServlet'
2019-03-03 11:42:54.598  INFO 23399 --- [http-nio-8080-exec-1] o.s.web.servlet.DispatcherServlet        : Completed initialization in 8 ms
2019-03-03 11:42:54.705 ERROR 23399 --- [http-nio-8080-exec-1] c.y.s.web.BookController                 : Request URL : /books/11111, Exception : Book info does not exist
2019-03-03 12:09:00.580  INFO 23399 --- [Thread-13] o.s.s.concurrent.ThreadPoolTaskExecutor  : Shutting down ExecutorService 'applicationTaskExecutor'
2019-03-03 12:09:00.581  INFO 23399 --- [Thread-13] j.LocalContainerEntityManagerFactoryBean : Closing JPA EntityManagerFactory for persistence unit 'default'
2019-03-03 12:09:00.585  INFO 23399 --- [Thread-13] com.zaxxer.hikari.HikariDataSource       : HikariPool-1 - Shutdown initiated...
2019-03-03 12:09:00.591  INFO 23399 --- [Thread-13] com.zaxxer.hikari.HikariDataSource       : HikariPool-1 - Shutdown completed.
2019-03-03 12:09:06.338  INFO 23574 --- [main] c.y.s.SpringBootAdvancedApplication      : Starting SpringBootAdvancedApplication on hakutekiMacBook-Pro.local with PID 23574 (/Users/zhangyubo/Desktop/spring-mvc-examples/spring-boot-advanced/target/classes started by zhangyubo in /Users/zhangyubo/Desktop/spring-mvc-examples/spring-boot-advanced)
2019-03-03 12:09:06.342  INFO 23574 --- [main] c.y.s.SpringBootAdvancedApplication      : No active profile set, falling back to default profiles: default
2019-03-03 12:09:07.168  INFO 23574 --- [main] .s.d.r.c.RepositoryConfigurationDelegate : Bootstrapping Spring Data repositories in DEFAULT mode.
2019-03-03 12:09:07.233  INFO 23574 --- [main] .s.d.r.c.RepositoryConfigurationDelegate : Finished Spring Data repository scanning in 59ms. Found 2 repository interfaces.
2019-03-03 12:09:07.613  INFO 23574 --- [main] trationDelegate$BeanPostProcessorChecker : Bean 'org.springframework.transaction.annotation.ProxyTransactionManagementConfiguration' of type [org.springframework.transaction.annotation.ProxyTransactionManagementConfiguration$$EnhancerBySpringCGLIB$$24479c1e] is not eligible for getting processed by all BeanPostProcessors (for example: not eligible for auto-proxying)
2019-03-03 12:09:07.927  INFO 23574 --- [main] o.s.b.w.embedded.tomcat.TomcatWebServer  : Tomcat initialized with port(s): 8080 (http)
2019-03-03 12:09:07.950  INFO 23574 --- [main] o.apache.catalina.core.StandardService   : Starting service [Tomcat]
2019-03-03 12:09:07.950  INFO 23574 --- [main] org.apache.catalina.core.StandardEngine  : Starting Servlet engine: [Apache Tomcat/9.0.16]
2019-03-03 12:09:07.956  INFO 23574 --- [main] o.a.catalina.core.AprLifecycleListener   : The APR based Apache Tomcat Native library which allows optimal performance in production environments was not found on the java.library.path: [/Users/zhangyubo/Library/Java/Extensions:/Library/Java/Extensions:/Network/Library/Java/Extensions:/System/Library/Java/Extensions:/usr/lib/java:.]
2019-03-03 12:09:08.027  INFO 23574 --- [main] o.a.c.c.C.[Tomcat].[localhost].[/]       : Initializing Spring embedded WebApplicationContext
2019-03-03 12:09:08.027  INFO 23574 --- [main] o.s.web.context.ContextLoader            : Root WebApplicationContext: initialization completed in 1629 ms
2019-03-03 12:09:08.162  INFO 23574 --- [main] com.zaxxer.hikari.HikariDataSource       : HikariPool-1 - Starting...
2019-03-03 12:09:08.274  INFO 23574 --- [main] com.zaxxer.hikari.HikariDataSource       : HikariPool-1 - Start completed.
2019-03-03 12:09:08.420  INFO 23574 --- [main] o.hibernate.jpa.internal.util.LogHelper  : HHH000204: Processing PersistenceUnitInfo [
	name: default
	...]
2019-03-03 12:09:08.467  INFO 23574 --- [main] org.hibernate.Version                    : HHH000412: Hibernate Core {5.3.7.Final}
2019-03-03 12:09:08.468  INFO 23574 --- [main] org.hibernate.cfg.Environment            : HHH000206: hibernate.properties not found
2019-03-03 12:09:08.561  INFO 23574 --- [main] o.hibernate.annotations.common.Version   : HCANN000001: Hibernate Commons Annotations {5.0.4.Final}
2019-03-03 12:09:08.655  INFO 23574 --- [main] org.hibernate.dialect.Dialect            : HHH000400: Using dialect: org.hibernate.dialect.MySQL5Dialect
2019-03-03 12:09:09.154  INFO 23574 --- [main] j.LocalContainerEntityManagerFactoryBean : Initialized JPA EntityManagerFactory for persistence unit 'default'
2019-03-03 12:09:09.641  INFO 23574 --- [main] o.s.s.concurrent.ThreadPoolTaskExecutor  : Initializing ExecutorService 'applicationTaskExecutor'
2019-03-03 12:09:09.679  WARN 23574 --- [main] aWebConfiguration$JpaWebMvcConfiguration : spring.jpa.open-in-view is enabled by default. Therefore, database queries may be performed during view rendering. Explicitly configure spring.jpa.open-in-view to disable this warning
2019-03-03 12:09:09.900  INFO 23574 --- [main] o.s.b.w.embedded.tomcat.TomcatWebServer  : Tomcat started on port(s): 8080 (http) with context path ''
2019-03-03 12:09:09.902  INFO 23574 --- [main] c.y.s.SpringBootAdvancedApplication      : Started SpringBootAdvancedApplication in 4.226 seconds (JVM running for 5.068)
2019-03-03 12:09:27.441  INFO 23574 --- [http-nio-8080-exec-1] o.a.c.c.C.[Tomcat].[localhost].[/]       : Initializing Spring DispatcherServlet 'dispatcherServlet'
2019-03-03 12:09:27.442  INFO 23574 --- [http-nio-8080-exec-1] o.s.web.servlet.DispatcherServlet        : Initializing Servlet 'dispatcherServlet'
2019-03-03 12:09:27.449  INFO 23574 --- [http-nio-8080-exec-1] o.s.web.servlet.DispatcherServlet        : Completed initialization in 7 ms
2019-03-03 12:09:27.542 ERROR 23574 --- [http-nio-8080-exec-1] c.y.s.h.ControllerExceptionHandler       : Request URL : /books/11111, Exception : Book info does not exist
2019-03-03 12:09:39.495 ERROR 23574 --- [http-nio-8080-exec-3] c.y.s.h.ControllerExceptionHandler       : Request URL : /exception, Exception : null
2019-03-03 12:11:54.130  INFO 23574 --- [Thread-11] o.s.s.concurrent.ThreadPoolTaskExecutor  : Shutting down ExecutorService 'applicationTaskExecutor'
2019-03-03 12:11:54.133  INFO 23574 --- [Thread-11] j.LocalContainerEntityManagerFactoryBean : Closing JPA EntityManagerFactory for persistence unit 'default'
2019-03-03 12:11:54.137  INFO 23574 --- [Thread-11] com.zaxxer.hikari.HikariDataSource       : HikariPool-1 - Shutdown initiated...
2019-03-03 12:11:54.144  INFO 23574 --- [Thread-11] com.zaxxer.hikari.HikariDataSource       : HikariPool-1 - Shutdown completed.
2019-03-03 12:11:59.408  INFO 23583 --- [main] c.y.s.SpringBootAdvancedApplication      : Starting SpringBootAdvancedApplication on hakutekiMacBook-Pro.local with PID 23583 (/Users/zhangyubo/Desktop/spring-mvc-examples/spring-boot-advanced/target/classes started by zhangyubo in /Users/zhangyubo/Desktop/spring-mvc-examples/spring-boot-advanced)
2019-03-03 12:11:59.412  INFO 23583 --- [main] c.y.s.SpringBootAdvancedApplication      : No active profile set, falling back to default profiles: default
2019-03-03 12:12:00.129  INFO 23583 --- [main] .s.d.r.c.RepositoryConfigurationDelegate : Bootstrapping Spring Data repositories in DEFAULT mode.
2019-03-03 12:12:00.185  INFO 23583 --- [main] .s.d.r.c.RepositoryConfigurationDelegate : Finished Spring Data repository scanning in 50ms. Found 2 repository interfaces.
2019-03-03 12:12:00.476  INFO 23583 --- [main] trationDelegate$BeanPostProcessorChecker : Bean 'org.springframework.transaction.annotation.ProxyTransactionManagementConfiguration' of type [org.springframework.transaction.annotation.ProxyTransactionManagementConfiguration$$EnhancerBySpringCGLIB$$b66eb3f4] is not eligible for getting processed by all BeanPostProcessors (for example: not eligible for auto-proxying)
2019-03-03 12:12:00.745  INFO 23583 --- [main] o.s.b.w.embedded.tomcat.TomcatWebServer  : Tomcat initialized with port(s): 8080 (http)
2019-03-03 12:12:00.763  INFO 23583 --- [main] o.apache.catalina.core.StandardService   : Starting service [Tomcat]
2019-03-03 12:12:00.763  INFO 23583 --- [main] org.apache.catalina.core.StandardEngine  : Starting Servlet engine: [Apache Tomcat/9.0.16]
2019-03-03 12:12:00.769  INFO 23583 --- [main] o.a.catalina.core.AprLifecycleListener   : The APR based Apache Tomcat Native library which allows optimal performance in production environments was not found on the java.library.path: [/Users/zhangyubo/Library/Java/Extensions:/Library/Java/Extensions:/Network/Library/Java/Extensions:/System/Library/Java/Extensions:/usr/lib/java:.]
2019-03-03 12:12:00.830  INFO 23583 --- [main] o.a.c.c.C.[Tomcat].[localhost].[/]       : Initializing Spring embedded WebApplicationContext
2019-03-03 12:12:00.830  INFO 23583 --- [main] o.s.web.context.ContextLoader            : Root WebApplicationContext: initialization completed in 1347 ms
2019-03-03 12:12:00.962  INFO 23583 --- [main] com.zaxxer.hikari.HikariDataSource       : HikariPool-1 - Starting...
2019-03-03 12:12:01.068  INFO 23583 --- [main] com.zaxxer.hikari.HikariDataSource       : HikariPool-1 - Start completed.
2019-03-03 12:12:01.213  INFO 23583 --- [main] o.hibernate.jpa.internal.util.LogHelper  : HHH000204: Processing PersistenceUnitInfo [
	name: default
	...]
2019-03-03 12:12:01.255  INFO 23583 --- [main] org.hibernate.Version                    : HHH000412: Hibernate Core {5.3.7.Final}
2019-03-03 12:12:01.256  INFO 23583 --- [main] org.hibernate.cfg.Environment            : HHH000206: hibernate.properties not found
2019-03-03 12:12:01.332  INFO 23583 --- [main] o.hibernate.annotations.common.Version   : HCANN000001: Hibernate Commons Annotations {5.0.4.Final}
2019-03-03 12:12:01.422  INFO 23583 --- [main] org.hibernate.dialect.Dialect            : HHH000400: Using dialect: org.hibernate.dialect.MySQL5Dialect
2019-03-03 12:12:01.882  INFO 23583 --- [main] j.LocalContainerEntityManagerFactoryBean : Initialized JPA EntityManagerFactory for persistence unit 'default'
2019-03-03 12:12:02.331  INFO 23583 --- [main] o.s.s.concurrent.ThreadPoolTaskExecutor  : Initializing ExecutorService 'applicationTaskExecutor'
2019-03-03 12:12:02.368  WARN 23583 --- [main] aWebConfiguration$JpaWebMvcConfiguration : spring.jpa.open-in-view is enabled by default. Therefore, database queries may be performed during view rendering. Explicitly configure spring.jpa.open-in-view to disable this warning
2019-03-03 12:12:02.588  INFO 23583 --- [main] o.s.b.w.embedded.tomcat.TomcatWebServer  : Tomcat started on port(s): 8080 (http) with context path ''
2019-03-03 12:12:02.590  INFO 23583 --- [main] c.y.s.SpringBootAdvancedApplication      : Started SpringBootAdvancedApplication in 3.848 seconds (JVM running for 4.629)
2019-03-03 12:12:10.961  INFO 23583 --- [http-nio-8080-exec-1] o.a.c.c.C.[Tomcat].[localhost].[/]       : Initializing Spring DispatcherServlet 'dispatcherServlet'
2019-03-03 12:12:10.963  INFO 23583 --- [http-nio-8080-exec-1] o.s.web.servlet.DispatcherServlet        : Initializing Servlet 'dispatcherServlet'
2019-03-03 12:12:10.973  INFO 23583 --- [http-nio-8080-exec-1] o.s.web.servlet.DispatcherServlet        : Completed initialization in 10 ms
2019-03-03 12:12:10.996 ERROR 23583 --- [http-nio-8080-exec-1] c.y.s.h.ControllerExceptionHandler       : Request URL : /exception, Exception : Test throw exception!
2019-03-03 12:17:08.075  INFO 23583 --- [Thread-10] o.s.s.concurrent.ThreadPoolTaskExecutor  : Shutting down ExecutorService 'applicationTaskExecutor'
2019-03-03 12:17:08.078  INFO 23583 --- [Thread-10] j.LocalContainerEntityManagerFactoryBean : Closing JPA EntityManagerFactory for persistence unit 'default'
2019-03-03 12:17:08.084  INFO 23583 --- [Thread-10] com.zaxxer.hikari.HikariDataSource       : HikariPool-1 - Shutdown initiated...
2019-03-03 12:17:08.090  INFO 23583 --- [Thread-10] com.zaxxer.hikari.HikariDataSource       : HikariPool-1 - Shutdown completed.
2019-03-03 12:17:12.907  INFO 23598 --- [main] c.y.s.SpringBootAdvancedApplication      : Starting SpringBootAdvancedApplication on hakutekiMacBook-Pro.local with PID 23598 (/Users/zhangyubo/Desktop/spring-mvc-examples/spring-boot-advanced/target/classes started by zhangyubo in /Users/zhangyubo/Desktop/spring-mvc-examples/spring-boot-advanced)
2019-03-03 12:17:12.912  INFO 23598 --- [main] c.y.s.SpringBootAdvancedApplication      : No active profile set, falling back to default profiles: default
2019-03-03 12:17:13.853  INFO 23598 --- [main] .s.d.r.c.RepositoryConfigurationDelegate : Bootstrapping Spring Data repositories in DEFAULT mode.
2019-03-03 12:17:13.941  INFO 23598 --- [main] .s.d.r.c.RepositoryConfigurationDelegate : Finished Spring Data repository scanning in 79ms. Found 2 repository interfaces.
2019-03-03 12:17:14.386  INFO 23598 --- [main] trationDelegate$BeanPostProcessorChecker : Bean 'org.springframework.transaction.annotation.ProxyTransactionManagementConfiguration' of type [org.springframework.transaction.annotation.ProxyTransactionManagementConfiguration$$EnhancerBySpringCGLIB$$eb3e7449] is not eligible for getting processed by all BeanPostProcessors (for example: not eligible for auto-proxying)
2019-03-03 12:17:14.705  INFO 23598 --- [main] o.s.b.w.embedded.tomcat.TomcatWebServer  : Tomcat initialized with port(s): 8080 (http)
2019-03-03 12:17:14.727  INFO 23598 --- [main] o.apache.catalina.core.StandardService   : Starting service [Tomcat]
2019-03-03 12:17:14.727  INFO 23598 --- [main] org.apache.catalina.core.StandardEngine  : Starting Servlet engine: [Apache Tomcat/9.0.16]
2019-03-03 12:17:14.734  INFO 23598 --- [main] o.a.catalina.core.AprLifecycleListener   : The APR based Apache Tomcat Native library which allows optimal performance in production environments was not found on the java.library.path: [/Users/zhangyubo/Library/Java/Extensions:/Library/Java/Extensions:/Network/Library/Java/Extensions:/System/Library/Java/Extensions:/usr/lib/java:.]
2019-03-03 12:17:14.808  INFO 23598 --- [main] o.a.c.c.C.[Tomcat].[localhost].[/]       : Initializing Spring embedded WebApplicationContext
2019-03-03 12:17:14.808  INFO 23598 --- [main] o.s.web.context.ContextLoader            : Root WebApplicationContext: initialization completed in 1826 ms
2019-03-03 12:17:14.942  INFO 23598 --- [main] com.zaxxer.hikari.HikariDataSource       : HikariPool-1 - Starting...
2019-03-03 12:17:15.054  INFO 23598 --- [main] com.zaxxer.hikari.HikariDataSource       : HikariPool-1 - Start completed.
2019-03-03 12:17:15.214  INFO 23598 --- [main] o.hibernate.jpa.internal.util.LogHelper  : HHH000204: Processing PersistenceUnitInfo [
	name: default
	...]
2019-03-03 12:17:15.261  INFO 23598 --- [main] org.hibernate.Version                    : HHH000412: Hibernate Core {5.3.7.Final}
2019-03-03 12:17:15.262  INFO 23598 --- [main] org.hibernate.cfg.Environment            : HHH000206: hibernate.properties not found
2019-03-03 12:17:15.349  INFO 23598 --- [main] o.hibernate.annotations.common.Version   : HCANN000001: Hibernate Commons Annotations {5.0.4.Final}
2019-03-03 12:17:15.444  INFO 23598 --- [main] org.hibernate.dialect.Dialect            : HHH000400: Using dialect: org.hibernate.dialect.MySQL5Dialect
2019-03-03 12:17:15.949  INFO 23598 --- [main] j.LocalContainerEntityManagerFactoryBean : Initialized JPA EntityManagerFactory for persistence unit 'default'
2019-03-03 12:17:16.407  INFO 23598 --- [main] o.s.s.concurrent.ThreadPoolTaskExecutor  : Initializing ExecutorService 'applicationTaskExecutor'
2019-03-03 12:17:16.447  WARN 23598 --- [main] aWebConfiguration$JpaWebMvcConfiguration : spring.jpa.open-in-view is enabled by default. Therefore, database queries may be performed during view rendering. Explicitly configure spring.jpa.open-in-view to disable this warning
2019-03-03 12:17:16.652  INFO 23598 --- [main] o.s.b.w.embedded.tomcat.TomcatWebServer  : Tomcat started on port(s): 8080 (http) with context path ''
2019-03-03 12:17:16.654  INFO 23598 --- [main] c.y.s.SpringBootAdvancedApplication      : Started SpringBootAdvancedApplication in 4.397 seconds (JVM running for 5.498)
2019-03-03 12:17:28.045  INFO 23598 --- [http-nio-8080-exec-1] o.a.c.c.C.[Tomcat].[localhost].[/]       : Initializing Spring DispatcherServlet 'dispatcherServlet'
2019-03-03 12:17:28.046  INFO 23598 --- [http-nio-8080-exec-1] o.s.web.servlet.DispatcherServlet        : Initializing Servlet 'dispatcherServlet'
2019-03-03 12:17:28.058  INFO 23598 --- [http-nio-8080-exec-1] o.s.web.servlet.DispatcherServlet        : Completed initialization in 12 ms
2019-03-03 12:17:28.096 ERROR 23598 --- [http-nio-8080-exec-1] c.y.s.h.ControllerExceptionHandler       : Request URL : /exception, Exception : Test throw exception!
2019-03-03 12:18:00.779  INFO 23598 --- [Thread-12] o.s.s.concurrent.ThreadPoolTaskExecutor  : Shutting down ExecutorService 'applicationTaskExecutor'
2019-03-03 12:18:00.781  INFO 23598 --- [Thread-12] j.LocalContainerEntityManagerFactoryBean : Closing JPA EntityManagerFactory for persistence unit 'default'
2019-03-03 12:18:00.785  INFO 23598 --- [Thread-12] com.zaxxer.hikari.HikariDataSource       : HikariPool-1 - Shutdown initiated...
2019-03-03 12:18:00.790  INFO 23598 --- [Thread-12] com.zaxxer.hikari.HikariDataSource       : HikariPool-1 - Shutdown completed.
2019-03-03 12:18:05.452  INFO 23604 --- [main] c.y.s.SpringBootAdvancedApplication      : Starting SpringBootAdvancedApplication on hakutekiMacBook-Pro.local with PID 23604 (/Users/zhangyubo/Desktop/spring-mvc-examples/spring-boot-advanced/target/classes started by zhangyubo in /Users/zhangyubo/Desktop/spring-mvc-examples/spring-boot-advanced)
2019-03-03 12:18:05.467  INFO 23604 --- [main] c.y.s.SpringBootAdvancedApplication      : No active profile set, falling back to default profiles: default
2019-03-03 12:18:06.372  INFO 23604 --- [main] .s.d.r.c.RepositoryConfigurationDelegate : Bootstrapping Spring Data repositories in DEFAULT mode.
2019-03-03 12:18:06.439  INFO 23604 --- [main] .s.d.r.c.RepositoryConfigurationDelegate : Finished Spring Data repository scanning in 61ms. Found 2 repository interfaces.
2019-03-03 12:18:06.821  INFO 23604 --- [main] trationDelegate$BeanPostProcessorChecker : Bean 'org.springframework.transaction.annotation.ProxyTransactionManagementConfiguration' of type [org.springframework.transaction.annotation.ProxyTransactionManagementConfiguration$$EnhancerBySpringCGLIB$$b5189d38] is not eligible for getting processed by all BeanPostProcessors (for example: not eligible for auto-proxying)
2019-03-03 12:18:07.163  INFO 23604 --- [main] o.s.b.w.embedded.tomcat.TomcatWebServer  : Tomcat initialized with port(s): 8080 (http)
2019-03-03 12:18:07.187  INFO 23604 --- [main] o.apache.catalina.core.StandardService   : Starting service [Tomcat]
2019-03-03 12:18:07.187  INFO 23604 --- [main] org.apache.catalina.core.StandardEngine  : Starting Servlet engine: [Apache Tomcat/9.0.16]
2019-03-03 12:18:07.194  INFO 23604 --- [main] o.a.catalina.core.AprLifecycleListener   : The APR based Apache Tomcat Native library which allows optimal performance in production environments was not found on the java.library.path: [/Users/zhangyubo/Library/Java/Extensions:/Library/Java/Extensions:/Network/Library/Java/Extensions:/System/Library/Java/Extensions:/usr/lib/java:.]
2019-03-03 12:18:07.273  INFO 23604 --- [main] o.a.c.c.C.[Tomcat].[localhost].[/]       : Initializing Spring embedded WebApplicationContext
2019-03-03 12:18:07.273  INFO 23604 --- [main] o.s.web.context.ContextLoader            : Root WebApplicationContext: initialization completed in 1752 ms
2019-03-03 12:18:07.401  INFO 23604 --- [main] com.zaxxer.hikari.HikariDataSource       : HikariPool-1 - Starting...
2019-03-03 12:18:07.506  INFO 23604 --- [main] com.zaxxer.hikari.HikariDataSource       : HikariPool-1 - Start completed.
2019-03-03 12:18:07.652  INFO 23604 --- [main] o.hibernate.jpa.internal.util.LogHelper  : HHH000204: Processing PersistenceUnitInfo [
	name: default
	...]
2019-03-03 12:18:07.697  INFO 23604 --- [main] org.hibernate.Version                    : HHH000412: Hibernate Core {5.3.7.Final}
2019-03-03 12:18:07.698  INFO 23604 --- [main] org.hibernate.cfg.Environment            : HHH000206: hibernate.properties not found
2019-03-03 12:18:07.794  INFO 23604 --- [main] o.hibernate.annotations.common.Version   : HCANN000001: Hibernate Commons Annotations {5.0.4.Final}
2019-03-03 12:18:07.914  INFO 23604 --- [main] org.hibernate.dialect.Dialect            : HHH000400: Using dialect: org.hibernate.dialect.MySQL5Dialect
2019-03-03 12:18:08.407  INFO 23604 --- [main] j.LocalContainerEntityManagerFactoryBean : Initialized JPA EntityManagerFactory for persistence unit 'default'
2019-03-03 12:18:08.820  INFO 23604 --- [main] o.s.s.concurrent.ThreadPoolTaskExecutor  : Initializing ExecutorService 'applicationTaskExecutor'
2019-03-03 12:18:08.859  WARN 23604 --- [main] aWebConfiguration$JpaWebMvcConfiguration : spring.jpa.open-in-view is enabled by default. Therefore, database queries may be performed during view rendering. Explicitly configure spring.jpa.open-in-view to disable this warning
2019-03-03 12:18:09.084  INFO 23604 --- [main] o.s.b.w.embedded.tomcat.TomcatWebServer  : Tomcat started on port(s): 8080 (http) with context path ''
2019-03-03 12:18:09.086  INFO 23604 --- [main] c.y.s.SpringBootAdvancedApplication      : Started SpringBootAdvancedApplication in 4.205 seconds (JVM running for 4.896)
2019-03-03 12:18:16.366  INFO 23604 --- [http-nio-8080-exec-1] o.a.c.c.C.[Tomcat].[localhost].[/]       : Initializing Spring DispatcherServlet 'dispatcherServlet'
2019-03-03 12:18:16.366  INFO 23604 --- [http-nio-8080-exec-1] o.s.web.servlet.DispatcherServlet        : Initializing Servlet 'dispatcherServlet'
2019-03-03 12:18:16.373  INFO 23604 --- [http-nio-8080-exec-1] o.s.web.servlet.DispatcherServlet        : Completed initialization in 7 ms
2019-03-03 12:18:16.393 ERROR 23604 --- [http-nio-8080-exec-1] c.y.s.h.ControllerExceptionHandler       : Request URL : /exception, Exception : Test throw exception!
2019-03-03 12:21:37.845  INFO 23604 --- [Thread-11] o.s.s.concurrent.ThreadPoolTaskExecutor  : Shutting down ExecutorService 'applicationTaskExecutor'
2019-03-03 12:21:37.848  INFO 23604 --- [Thread-11] j.LocalContainerEntityManagerFactoryBean : Closing JPA EntityManagerFactory for persistence unit 'default'
2019-03-03 12:21:37.852  INFO 23604 --- [Thread-11] com.zaxxer.hikari.HikariDataSource       : HikariPool-1 - Shutdown initiated...
2019-03-03 12:21:37.856  INFO 23604 --- [Thread-11] com.zaxxer.hikari.HikariDataSource       : HikariPool-1 - Shutdown completed.
2019-03-03 12:21:42.320  INFO 23670 --- [main] c.y.s.SpringBootAdvancedApplication      : Starting SpringBootAdvancedApplication on hakutekiMacBook-Pro.local with PID 23670 (/Users/zhangyubo/Desktop/spring-mvc-examples/spring-boot-advanced/target/classes started by zhangyubo in /Users/zhangyubo/Desktop/spring-mvc-examples/spring-boot-advanced)
2019-03-03 12:21:42.324  INFO 23670 --- [main] c.y.s.SpringBootAdvancedApplication      : No active profile set, falling back to default profiles: default
2019-03-03 12:21:43.291  INFO 23670 --- [main] .s.d.r.c.RepositoryConfigurationDelegate : Bootstrapping Spring Data repositories in DEFAULT mode.
2019-03-03 12:21:43.346  INFO 23670 --- [main] .s.d.r.c.RepositoryConfigurationDelegate : Finished Spring Data repository scanning in 49ms. Found 2 repository interfaces.
2019-03-03 12:21:43.668  INFO 23670 --- [main] trationDelegate$BeanPostProcessorChecker : Bean 'org.springframework.transaction.annotation.ProxyTransactionManagementConfiguration' of type [org.springframework.transaction.annotation.ProxyTransactionManagementConfiguration$$EnhancerBySpringCGLIB$$2273973a] is not eligible for getting processed by all BeanPostProcessors (for example: not eligible for auto-proxying)
2019-03-03 12:21:43.941  INFO 23670 --- [main] o.s.b.w.embedded.tomcat.TomcatWebServer  : Tomcat initialized with port(s): 8080 (http)
2019-03-03 12:21:43.961  INFO 23670 --- [main] o.apache.catalina.core.StandardService   : Starting service [Tomcat]
2019-03-03 12:21:43.961  INFO 23670 --- [main] org.apache.catalina.core.StandardEngine  : Starting Servlet engine: [Apache Tomcat/9.0.16]
2019-03-03 12:21:43.966  INFO 23670 --- [main] o.a.catalina.core.AprLifecycleListener   : The APR based Apache Tomcat Native library which allows optimal performance in production environments was not found on the java.library.path: [/Users/zhangyubo/Library/Java/Extensions:/Library/Java/Extensions:/Network/Library/Java/Extensions:/System/Library/Java/Extensions:/usr/lib/java:.]
2019-03-03 12:21:44.037  INFO 23670 --- [main] o.a.c.c.C.[Tomcat].[localhost].[/]       : Initializing Spring embedded WebApplicationContext
2019-03-03 12:21:44.037  INFO 23670 --- [main] o.s.web.context.ContextLoader            : Root WebApplicationContext: initialization completed in 1643 ms
2019-03-03 12:21:44.169  INFO 23670 --- [main] com.zaxxer.hikari.HikariDataSource       : HikariPool-1 - Starting...
2019-03-03 12:21:44.275  INFO 23670 --- [main] com.zaxxer.hikari.HikariDataSource       : HikariPool-1 - Start completed.
2019-03-03 12:21:44.420  INFO 23670 --- [main] o.hibernate.jpa.internal.util.LogHelper  : HHH000204: Processing PersistenceUnitInfo [
	name: default
	...]
2019-03-03 12:21:44.463  INFO 23670 --- [main] org.hibernate.Version                    : HHH000412: Hibernate Core {5.3.7.Final}
2019-03-03 12:21:44.464  INFO 23670 --- [main] org.hibernate.cfg.Environment            : HHH000206: hibernate.properties not found
2019-03-03 12:21:44.544  INFO 23670 --- [main] o.hibernate.annotations.common.Version   : HCANN000001: Hibernate Commons Annotations {5.0.4.Final}
2019-03-03 12:21:44.632  INFO 23670 --- [main] org.hibernate.dialect.Dialect            : HHH000400: Using dialect: org.hibernate.dialect.MySQL5Dialect
2019-03-03 12:21:45.152  INFO 23670 --- [main] j.LocalContainerEntityManagerFactoryBean : Initialized JPA EntityManagerFactory for persistence unit 'default'
2019-03-03 12:21:45.655  INFO 23670 --- [main] o.s.s.concurrent.ThreadPoolTaskExecutor  : Initializing ExecutorService 'applicationTaskExecutor'
2019-03-03 12:21:45.692  WARN 23670 --- [main] aWebConfiguration$JpaWebMvcConfiguration : spring.jpa.open-in-view is enabled by default. Therefore, database queries may be performed during view rendering. Explicitly configure spring.jpa.open-in-view to disable this warning
2019-03-03 12:21:45.893  INFO 23670 --- [main] o.s.b.w.embedded.tomcat.TomcatWebServer  : Tomcat started on port(s): 8080 (http) with context path ''
2019-03-03 12:21:45.896  INFO 23670 --- [main] c.y.s.SpringBootAdvancedApplication      : Started SpringBootAdvancedApplication in 4.031 seconds (JVM running for 4.761)
2019-03-03 12:22:04.727  INFO 23670 --- [http-nio-8080-exec-1] o.a.c.c.C.[Tomcat].[localhost].[/]       : Initializing Spring DispatcherServlet 'dispatcherServlet'
2019-03-03 12:22:04.728  INFO 23670 --- [http-nio-8080-exec-1] o.s.web.servlet.DispatcherServlet        : Initializing Servlet 'dispatcherServlet'
2019-03-03 12:22:04.734  INFO 23670 --- [http-nio-8080-exec-1] o.s.web.servlet.DispatcherServlet        : Completed initialization in 6 ms
2019-03-03 12:22:04.760 ERROR 23670 --- [http-nio-8080-exec-1] c.y.s.h.ControllerExceptionHandler       : Request URL : /exception, Exception : Test throw exception!
2019-03-03 12:22:59.341  INFO 23670 --- [Thread-10] o.s.s.concurrent.ThreadPoolTaskExecutor  : Shutting down ExecutorService 'applicationTaskExecutor'
2019-03-03 12:22:59.343  INFO 23670 --- [Thread-10] j.LocalContainerEntityManagerFactoryBean : Closing JPA EntityManagerFactory for persistence unit 'default'
2019-03-03 12:22:59.347  INFO 23670 --- [Thread-10] com.zaxxer.hikari.HikariDataSource       : HikariPool-1 - Shutdown initiated...
2019-03-03 12:22:59.351  INFO 23670 --- [Thread-10] com.zaxxer.hikari.HikariDataSource       : HikariPool-1 - Shutdown completed.
2019-03-03 12:23:04.312  INFO 23676 --- [main] c.y.s.SpringBootAdvancedApplication      : Starting SpringBootAdvancedApplication on hakutekiMacBook-Pro.local with PID 23676 (/Users/zhangyubo/Desktop/spring-mvc-examples/spring-boot-advanced/target/classes started by zhangyubo in /Users/zhangyubo/Desktop/spring-mvc-examples/spring-boot-advanced)
2019-03-03 12:23:04.317  INFO 23676 --- [main] c.y.s.SpringBootAdvancedApplication      : No active profile set, falling back to default profiles: default
2019-03-03 12:23:05.280  INFO 23676 --- [main] .s.d.r.c.RepositoryConfigurationDelegate : Bootstrapping Spring Data repositories in DEFAULT mode.
2019-03-03 12:23:05.336  INFO 23676 --- [main] .s.d.r.c.RepositoryConfigurationDelegate : Finished Spring Data repository scanning in 49ms. Found 2 repository interfaces.
2019-03-03 12:23:05.661  INFO 23676 --- [main] trationDelegate$BeanPostProcessorChecker : Bean 'org.springframework.transaction.annotation.ProxyTransactionManagementConfiguration' of type [org.springframework.transaction.annotation.ProxyTransactionManagementConfiguration$$EnhancerBySpringCGLIB$$5ec1ecb1] is not eligible for getting processed by all BeanPostProcessors (for example: not eligible for auto-proxying)
2019-03-03 12:23:05.957  INFO 23676 --- [main] o.s.b.w.embedded.tomcat.TomcatWebServer  : Tomcat initialized with port(s): 8080 (http)
2019-03-03 12:23:05.978  INFO 23676 --- [main] o.apache.catalina.core.StandardService   : Starting service [Tomcat]
2019-03-03 12:23:05.978  INFO 23676 --- [main] org.apache.catalina.core.StandardEngine  : Starting Servlet engine: [Apache Tomcat/9.0.16]
2019-03-03 12:23:05.984  INFO 23676 --- [main] o.a.catalina.core.AprLifecycleListener   : The APR based Apache Tomcat Native library which allows optimal performance in production environments was not found on the java.library.path: [/Users/zhangyubo/Library/Java/Extensions:/Library/Java/Extensions:/Network/Library/Java/Extensions:/System/Library/Java/Extensions:/usr/lib/java:.]
2019-03-03 12:23:06.052  INFO 23676 --- [main] o.a.c.c.C.[Tomcat].[localhost].[/]       : Initializing Spring embedded WebApplicationContext
2019-03-03 12:23:06.053  INFO 23676 --- [main] o.s.web.context.ContextLoader            : Root WebApplicationContext: initialization completed in 1649 ms
2019-03-03 12:23:06.193  INFO 23676 --- [main] com.zaxxer.hikari.HikariDataSource       : HikariPool-1 - Starting...
2019-03-03 12:23:06.316  INFO 23676 --- [main] com.zaxxer.hikari.HikariDataSource       : HikariPool-1 - Start completed.
2019-03-03 12:23:06.459  INFO 23676 --- [main] o.hibernate.jpa.internal.util.LogHelper  : HHH000204: Processing PersistenceUnitInfo [
	name: default
	...]
2019-03-03 12:23:06.504  INFO 23676 --- [main] org.hibernate.Version                    : HHH000412: Hibernate Core {5.3.7.Final}
2019-03-03 12:23:06.505  INFO 23676 --- [main] org.hibernate.cfg.Environment            : HHH000206: hibernate.properties not found
2019-03-03 12:23:06.592  INFO 23676 --- [main] o.hibernate.annotations.common.Version   : HCANN000001: Hibernate Commons Annotations {5.0.4.Final}
2019-03-03 12:23:06.695  INFO 23676 --- [main] org.hibernate.dialect.Dialect            : HHH000400: Using dialect: org.hibernate.dialect.MySQL5Dialect
2019-03-03 12:23:07.178  INFO 23676 --- [main] j.LocalContainerEntityManagerFactoryBean : Initialized JPA EntityManagerFactory for persistence unit 'default'
2019-03-03 12:23:07.604  INFO 23676 --- [main] o.s.s.concurrent.ThreadPoolTaskExecutor  : Initializing ExecutorService 'applicationTaskExecutor'
2019-03-03 12:23:07.639  WARN 23676 --- [main] aWebConfiguration$JpaWebMvcConfiguration : spring.jpa.open-in-view is enabled by default. Therefore, database queries may be performed during view rendering. Explicitly configure spring.jpa.open-in-view to disable this warning
2019-03-03 12:23:07.834  INFO 23676 --- [main] o.s.b.w.embedded.tomcat.TomcatWebServer  : Tomcat started on port(s): 8080 (http) with context path ''
2019-03-03 12:23:07.837  INFO 23676 --- [main] c.y.s.SpringBootAdvancedApplication      : Started SpringBootAdvancedApplication in 4.08 seconds (JVM running for 4.803)
2019-03-03 12:23:11.944  INFO 23676 --- [http-nio-8080-exec-1] o.a.c.c.C.[Tomcat].[localhost].[/]       : Initializing Spring DispatcherServlet 'dispatcherServlet'
2019-03-03 12:23:11.944  INFO 23676 --- [http-nio-8080-exec-1] o.s.web.servlet.DispatcherServlet        : Initializing Servlet 'dispatcherServlet'
2019-03-03 12:23:11.951  INFO 23676 --- [http-nio-8080-exec-1] o.s.web.servlet.DispatcherServlet        : Completed initialization in 7 ms
2019-03-03 12:23:11.977 ERROR 23676 --- [http-nio-8080-exec-1] c.y.s.h.ControllerExceptionHandler       : Request URL : /exception, Exception : Test throw exception!
2019-03-03 14:29:38.985  INFO 23676 --- [Thread-11] o.s.s.concurrent.ThreadPoolTaskExecutor  : Shutting down ExecutorService 'applicationTaskExecutor'
2019-03-03 14:29:38.991  INFO 23676 --- [Thread-11] j.LocalContainerEntityManagerFactoryBean : Closing JPA EntityManagerFactory for persistence unit 'default'
2019-03-03 14:29:39.017  INFO 23676 --- [Thread-11] com.zaxxer.hikari.HikariDataSource       : HikariPool-1 - Shutdown initiated...
2019-03-03 14:29:39.025  INFO 23676 --- [Thread-11] com.zaxxer.hikari.HikariDataSource       : HikariPool-1 - Shutdown completed.
